# JRE version: Java(TM) SE Runtime Environment (8.0_101-b13) (build 1.8.0_101-b13)
# Java VM: Java HotSpot(TM) 64-Bit Server VM (25.101-b13 mixed mode windows-amd64 compressed oops)
Heap:
 PSYoungGen      total 144896K, used 11229K [0x000000076c700000, 0x0000000776d80000, 0x00000007c0000000)
  eden space 143360K, 6% used [0x000000076c700000,0x000000076d087050,0x0000000775300000)
  from space 1536K, 95% used [0x0000000775d00000,0x0000000775e70540,0x0000000775e80000)
  to   space 9216K, 0% used [0x0000000776480000,0x0000000776480000,0x0000000776d80000)
 ParOldGen       total 93184K, used 6916K [0x00000006c5400000, 0x00000006caf00000, 0x000000076c700000)
  object space 93184K, 7% used [0x00000006c5400000,0x00000006c5ac1178,0x00000006caf00000)
 Metaspace       used 26524K, capacity 27092K, committed 27264K, reserved 1073152K
  class space    used 3209K, capacity 3367K, committed 3456K, reserved 1048576K
GC Heap History (10 events):
Event: 98.293 GC heap before
{Heap before GC invocations=12 (full 1):
 PSYoungGen      total 169472K, used 169111K [0x000000076c700000, 0x0000000778200000, 0x00000007c0000000)
  eden space 167424K, 100% used [0x000000076c700000,0x0000000776a80000,0x0000000776a80000)
  from space 2048K, 82% used [0x0000000778000000,0x00000007781a5ff0,0x0000000778200000)
  to   space 10752K, 0% used [0x0000000776d00000,0x0000000776d00000,0x0000000777780000)
 ParOldGen       total 93184K, used 6900K [0x00000006c5400000, 0x00000006caf00000, 0x000000076c700000)
  object space 93184K, 7% used [0x00000006c5400000,0x00000006c5abd178,0x00000006caf00000)
 Metaspace       used 26364K, capacity 26900K, committed 27008K, reserved 1073152K
  class space    used 3204K, capacity 3367K, committed 3456K, reserved 1048576K
Event: 98.299 GC heap after
Heap after GC invocations=12 (full 1):
 PSYoungGen      total 164352K, used 1859K [0x000000076c700000, 0x0000000778080000, 0x00000007c0000000)
  eden space 162304K, 0% used [0x000000076c700000,0x000000076c700000,0x0000000776580000)
  from space 2048K, 90% used [0x0000000776d00000,0x0000000776ed0fe0,0x0000000776f00000)
  to   space 10752K, 0% used [0x0000000777600000,0x0000000777600000,0x0000000778080000)
 ParOldGen       total 93184K, used 6900K [0x00000006c5400000, 0x00000006caf00000, 0x000000076c700000)
  object space 93184K, 7% used [0x00000006c5400000,0x00000006c5abd178,0x00000006caf00000)
 Metaspace       used 26364K, capacity 26900K, committed 27008K, reserved 1073152K
  class space    used 3204K, capacity 3367K, committed 3456K, reserved 1048576K
}
Event: 112.449 GC heap before
{Heap before GC invocations=13 (full 1):
 PSYoungGen      total 164352K, used 164163K [0x000000076c700000, 0x0000000778080000, 0x00000007c0000000)
  eden space 162304K, 100% used [0x000000076c700000,0x0000000776580000,0x0000000776580000)
  from space 2048K, 90% used [0x0000000776d00000,0x0000000776ed0fe0,0x0000000776f00000)
  to   space 10752K, 0% used [0x0000000777600000,0x0000000777600000,0x0000000778080000)
 ParOldGen       total 93184K, used 6900K [0x00000006c5400000, 0x00000006caf00000, 0x000000076c700000)
  object space 93184K, 7% used [0x00000006c5400000,0x00000006c5abd178,0x00000006caf00000)
 Metaspace       used 26410K, capacity 26964K, committed 27264K, reserved 1073152K
  class space    used 3204K, capacity 3367K, committed 3456K, reserved 1048576K
Event: 112.470 GC heap after
Heap after GC invocations=13 (full 1):
 PSYoungGen      total 158720K, used 1461K [0x000000076c700000, 0x0000000777780000, 0x00000007c0000000)
  eden space 157184K, 0% used [0x000000076c700000,0x000000076c700000,0x0000000776080000)
  from space 1536K, 95% used [0x0000000777600000,0x000000077776d550,0x0000000777780000)
  to   space 10240K, 0% used [0x0000000776380000,0x0000000776380000,0x0000000776d80000)
 ParOldGen       total 93184K, used 6900K [0x00000006c5400000, 0x00000006caf00000, 0x000000076c700000)
  object space 93184K, 7% used [0x00000006c5400000,0x00000006c5abd178,0x00000006caf00000)
 Metaspace       used 26410K, capacity 26964K, committed 27264K, reserved 1073152K
  class space    used 3204K, capacity 3367K, committed 3456K, reserved 1048576K
}
Event: 114.140 GC heap before
{Heap before GC invocations=14 (full 1):
 PSYoungGen      total 158720K, used 158645K [0x000000076c700000, 0x0000000777780000, 0x00000007c0000000)
  eden space 157184K, 100% used [0x000000076c700000,0x0000000776080000,0x0000000776080000)
  from space 1536K, 95% used [0x0000000777600000,0x000000077776d550,0x0000000777780000)
  to   space 10240K, 0% used [0x0000000776380000,0x0000000776380000,0x0000000776d80000)
 ParOldGen       total 93184K, used 6900K [0x00000006c5400000, 0x00000006caf00000, 0x000000076c700000)
  object space 93184K, 7% used [0x00000006c5400000,0x00000006c5abd178,0x00000006caf00000)
 Metaspace       used 26418K, capacity 26964K, committed 27264K, reserved 1073152K
  class space    used 3204K, capacity 3367K, committed 3456K, reserved 1048576K
Event: 114.143 GC heap after
Heap after GC invocations=14 (full 1):
 PSYoungGen      total 154624K, used 1655K [0x000000076c700000, 0x0000000777680000, 0x00000007c0000000)
  eden space 152576K, 0% used [0x000000076c700000,0x000000076c700000,0x0000000775c00000)
  from space 2048K, 80% used [0x0000000776380000,0x000000077651dff0,0x0000000776580000)
  to   space 9728K, 0% used [0x0000000776d00000,0x0000000776d00000,0x0000000777680000)
 ParOldGen       total 93184K, used 6908K [0x00000006c5400000, 0x00000006caf00000, 0x000000076c700000)
  object space 93184K, 7% used [0x00000006c5400000,0x00000006c5abf178,0x00000006caf00000)
 Metaspace       used 26418K, capacity 26964K, committed 27264K, reserved 1073152K
  class space    used 3204K, capacity 3367K, committed 3456K, reserved 1048576K
}
Event: 115.355 GC heap before
{Heap before GC invocations=15 (full 1):
 PSYoungGen      total 154624K, used 154231K [0x000000076c700000, 0x0000000777680000, 0x00000007c0000000)
  eden space 152576K, 100% used [0x000000076c700000,0x0000000775c00000,0x0000000775c00000)
  from space 2048K, 80% used [0x0000000776380000,0x000000077651dff0,0x0000000776580000)
  to   space 9728K, 0% used [0x0000000776d00000,0x0000000776d00000,0x0000000777680000)
 ParOldGen       total 93184K, used 6908K [0x00000006c5400000, 0x00000006caf00000, 0x000000076c700000)
  object space 93184K, 7% used [0x00000006c5400000,0x00000006c5abf178,0x00000006caf00000)
 Metaspace       used 26418K, capacity 26964K, committed 27264K, reserved 1073152K
  class space    used 3204K, capacity 3367K, committed 3456K, reserved 1048576K
Event: 115.360 GC heap after
Heap after GC invocations=15 (full 1):
 PSYoungGen      total 150016K, used 1591K [0x000000076c700000, 0x0000000776f00000, 0x00000007c0000000)
  eden space 147968K, 0% used [0x000000076c700000,0x000000076c700000,0x0000000775780000)
  from space 2048K, 77% used [0x0000000776d00000,0x0000000776e8dff0,0x0000000776f00000)
  to   space 9216K, 0% used [0x0000000775d00000,0x0000000775d00000,0x0000000776600000)
 ParOldGen       total 93184K, used 6908K [0x00000006c5400000, 0x00000006caf00000, 0x000000076c700000)
  object space 93184K, 7% used [0x00000006c5400000,0x00000006c5abf178,0x00000006caf00000)
 Metaspace       used 26418K, capacity 26964K, committed 27264K, reserved 1073152K
  class space    used 3204K, capacity 3367K, committed 3456K, reserved 1048576K
}
Event: 127.014 GC heap before
{Heap before GC invocations=16 (full 1):
 PSYoungGen      total 150016K, used 149559K [0x000000076c700000, 0x0000000776f00000, 0x00000007c0000000)
  eden space 147968K, 100% used [0x000000076c700000,0x0000000775780000,0x0000000775780000)
  from space 2048K, 77% used [0x0000000776d00000,0x0000000776e8dff0,0x0000000776f00000)
  to   space 9216K, 0% used [0x0000000775d00000,0x0000000775d00000,0x0000000776600000)
 ParOldGen       total 93184K, used 6908K [0x00000006c5400000, 0x00000006caf00000, 0x000000076c700000)
  object space 93184K, 7% used [0x00000006c5400000,0x00000006c5abf178,0x00000006caf00000)
 Metaspace       used 26464K, capacity 27028K, committed 27264K, reserved 1073152K
  class space    used 3205K, capacity 3367K, committed 3456K, reserved 1048576K
Event: 127.033 GC heap after
Heap after GC invocations=16 (full 1):
 PSYoungGen      total 144896K, used 1473K [0x000000076c700000, 0x0000000776d80000, 0x00000007c0000000)
  eden space 143360K, 0% used [0x000000076c700000,0x000000076c700000,0x0000000775300000)
  from space 1536K, 95% used [0x0000000775d00000,0x0000000775e70540,0x0000000775e80000)
  to   space 9216K, 0% used [0x0000000776480000,0x0000000776480000,0x0000000776d80000)
 ParOldGen       total 93184K, used 6916K [0x00000006c5400000, 0x00000006caf00000, 0x000000076c700000)
  object space 93184K, 7% used [0x00000006c5400000,0x00000006c5ac1178,0x00000006caf00000)
 Metaspace       used 26464K, capacity 27028K, committed 27264K, reserved 1073152K
  class space    used 3205K, capacity 3367K, committed 3456K, reserved 1048576K
}

