<?xml version="1.0" encoding="UTF-8"?>
<!-- Generated by org.testng.reporters.JUnitXMLReporter -->
<testsuite hostname="SHEETALM02" name="Default test" tests="49" failures="0" timestamp="8 Sep 2016 07:19:42 GMT" time="6.008" errors="0">
  <testcase name="createTest" time="0.079" classname="ActionTest"/>
  <testcase name="testDeleteArtifactInvalidActInvId" time="0.003" classname="ActionTest"/>
  <testcase name="testDownloadArtifactNegativeInvalidAction" time="0.004" classname="ActionTest"/>
  <testcase name="testGetByCategory" time="0.961" classname="ActionTest"/>
  <testcase name="testGetByInvIdOnCreate" time="0.03" classname="ActionTest"/>
  <testcase name="testGetECOMPComponents" time="0.005" classname="ActionTest"/>
  <testcase name="testUploadArtifact" time="0.078" classname="ActionTest"/>
  <testcase name="testgetActionsByActionUUID_Negative" time="0.004" classname="ActionTest"/>
  <testcase name="testCheckOutOnCheckOut" time="0.013" classname="ActionTest"/>
  <testcase name="testCheckOutOnCheckOutWithOtherUser" time="0.009" classname="ActionTest"/>
  <testcase name="testCreateWithExistingActionName_negative" time="0.005" classname="ActionTest"/>
  <testcase name="testGetAllActions" time="0.056" classname="ActionTest"/>
  <testcase name="testDeleteArtifactInvalidArtifactUUID" time="0.009" classname="ActionTest"/>
  <testcase name="testGetByIgnoreCaseName" time="0.011" classname="ActionTest"/>
  <testcase name="testGetByInvIdManyVersionWithoutSubmit" time="0.451" classname="ActionTest"/>
  <testcase name="testGetBySupportedComponent" time="0.044" classname="ActionTest"/>
  <testcase name="testGetBySupportedModel" time="0.044" classname="ActionTest"/>
  <testcase name="testGetByVendor" time="0.041" classname="ActionTest"/>
  <testcase name="testDeleteArtifact" time="0.039" classname="ActionTest"/>
  <testcase name="testDeleteArtifactLockedByOtherUser" time="0.005" classname="ActionTest"/>
  <testcase name="testDeleteReadOnlyArtifact" time="0.059" classname="ActionTest"/>
  <testcase name="testDownloadArtifact" time="0.008" classname="ActionTest"/>
  <testcase name="testDownloadArtifactNegativeInvalidArtifact" time="0.005" classname="ActionTest"/>
  <testcase name="testUpdateArtifact" time="0.022" classname="ActionTest"/>
  <testcase name="testUploadArtifactCheckedOutOtherUser_negative" time="0.006" classname="ActionTest"/>
  <testcase name="testUploadArtifactInvalidActionInvId_negative" time="0.006" classname="ActionTest"/>
  <testcase name="testUploadArtifactSameName_negative" time="0.009" classname="ActionTest"/>
  <testcase name="testUploadArtifactUnlockedAction_negative" time="0.021" classname="ActionTest"/>
  <testcase name="testgetActionsByActionUUID" time="0.005" classname="ActionTest"/>
  <testcase name="testGetByInvIdManyVersionWithFirstSubmit" time="0.515" classname="ActionTest"/>
  <testcase name="testDeleteArtifactOnUnlockedAction" time="0.005" classname="ActionTest"/>
  <testcase name="updateTest" time="0.017" classname="ActionTest"/>
  <testcase name="testGetByInvIdManyVersionWithMultSubmit" time="0.366" classname="ActionTest"/>
  <testcase name="testUpdateInvalidVersion_negative" time="0.007" classname="ActionTest"/>
  <testcase name="testUpdateInvariantId_negative" time="0.006" classname="ActionTest"/>
  <testcase name="testUpdateName_negative" time="0.008" classname="ActionTest"/>
  <testcase name="testUpdateOtherUser_negative" time="0.007" classname="ActionTest"/>
  <testcase name="testUpdateStatus_negative" time="0.01" classname="ActionTest"/>
  <testcase name="testUpdateUniqueId_negative" time="0.009" classname="ActionTest"/>
  <testcase name="testUpdateVersion_negative" time="0.007" classname="ActionTest"/>
  <testcase name="testGetByInvIdOnName" time="0.271" classname="ActionTest"/>
  <testcase name="testCheckIn" time="0.01" classname="ActionTest"/>
  <testcase name="testUpdateOnCheckedInAction_negative" time="0.007" classname="ActionTest"/>
  <testcase name="testSubmit" time="0.02" classname="ActionTest"/>
  <testcase name="testCheckInWithoutCheckout" time="0.004" classname="ActionTest"/>
  <testcase name="testCheckOut" time="0.021" classname="ActionTest"/>
  <testcase name="testCheckInWithOtherUser" time="0.005" classname="ActionTest"/>
  <testcase name="testSubmitOnCheckout" time="0.004" classname="ActionTest"/>
  <testcase name="testUndoCheckout" time="0.018" classname="ActionTest"/>
</testsuite> <!-- Default test -->
